<?xml version="1.0" encoding="UTF-8"?>
<!-- Generated by org.testng.reporters.JUnitXMLReporter -->
<testsuite ignored="0" hostname="DESKTOP-2ACJK3Q" failures="0" tests="3" name="Test_2" time="33.157" errors="0" timestamp="2025-10-13T12:21:18 IST">
  <testcase classname="com.crm.contactTest.createcontactTest" name="createcontact" time="5.077"/>
  <testcase classname="com.crm.contactTest.createcontactTest" name="createcontactdate" time="4.931"/>
  <testcase classname="com.crm.contactTest.createcontactTest" name="createcontactwithorg" time="10.708"/>
</testsuite> <!-- Test_2 -->
