<?xml version="1.0" encoding="UTF-8"?>
<!-- Generated by org.testng.reporters.JUnitXMLReporter -->
<testsuite ignored="2" hostname="DESKTOP-2ACJK3Q" failures="0" tests="6" name="TestRunner_Chrome" time="56.567" errors="0" timestamp="2025-10-13T13:14:32 IST">
  <testcase classname="com.crm.orgTest.createorgTest" name="createorg" time="5.696"/>
  <testcase classname="com.crm.orgTest.createorgTest" name="createorgwithindustry" time="5.094"/>
  <testcase classname="com.crm.orgTest.createorgTest" name="createorgwithpn" time="5.279"/>
  <testcase classname="com.crm.contactTest.createcontactTest" name="createcontact" time="5.012"/>
  <testcase classname="com.crm.contactTest.createcontactTest" name="createcontactdate" time="5.14"/>
  <testcase classname="com.crm.contactTest.createcontactTest" name="createcontactwithorg" time="10.183"/>
  <testcase classname="com.crm.baseTest.BaseClass" name="@AfterSuite configas" time="0.0">
    <ignored/>
  </testcase> <!-- @AfterSuite configas -->
  <testcase classname="com.crm.baseTest.BaseClass" name="@BeforeSuite configbs" time="0.0">
    <ignored/>
  </testcase> <!-- @BeforeSuite configbs -->
</testsuite> <!-- TestRunner_Chrome -->
