<?xml version="1.0" encoding="UTF-8"?>
<!-- Generated by org.testng.reporters.JUnitXMLReporter -->
<testsuite ignored="2" hostname="DESKTOP-2ACJK3Q" failures="1" tests="1" name="Test" time="6.93" errors="0" timestamp="2025-10-15T15:42:44 IST">
  <testcase classname="com.crm.contactTest.createcontactTest" name="createcontact" time="0.01">
    <failure type="java.lang.NullPointerException" message="Cannot invoke &amp;quot;com.aventstack.extentreports.ExtentTest.log(com.aventstack.extentreports.Status, String)&amp;quot; because &amp;quot;com.comcast.crm.listenerutility.listenerimpclass.test&amp;quot; is null">
      <![CDATA[java.lang.NullPointerException: Cannot invoke "com.aventstack.extentreports.ExtentTest.log(com.aventstack.extentreports.Status, String)" because "com.comcast.crm.listenerutility.listenerimpclass.test" is null
at com.comcast.crm.listenerutility.listenerimpclass.onTestStart(listenerimpclass.java:65)
at java.base/java.util.ArrayList.forEach(ArrayList.java:1596)
... Removed 24 stack frames]]>
    </failure>
  </testcase> <!-- createcontact -->
  <testcase classname="com.crm.contactTest.createcontactTest" name="createcontactdate" time="0.0">
    <ignored/>
  </testcase> <!-- createcontactdate -->
  <testcase classname="com.crm.contactTest.createcontactTest" name="createcontactwithorg" time="0.0">
    <ignored/>
  </testcase> <!-- createcontactwithorg -->
</testsuite> <!-- Test -->
