<?xml version="1.0" encoding="UTF-8"?>
<testng-results ignored="0" total="3" passed="2" failed="1" skipped="0">
  <reporter-output>
  </reporter-output>
  <suite started-at="2025-10-16T16:06:11 IST" name="Default suite" finished-at="2025-10-16T16:06:37 IST" duration-ms="25958">
    <groups>
      <group name="ST">
        <method signature="createcontactTest.createcontact()[pri:0, instance:com.crm.contactTest.createcontactTest@7e07db1f]" name="createcontact" class="com.crm.contactTest.createcontactTest"/>
      </group> <!-- ST -->
      <group name="RT">
        <method signature="createcontactTest.createcontactdate()[pri:0, instance:com.crm.contactTest.createcontactTest@7e07db1f]" name="createcontactdate" class="com.crm.contactTest.createcontactTest"/>
        <method signature="createcontactTest.createcontactwithorg()[pri:0, instance:com.crm.contactTest.createcontactTest@7e07db1f]" name="createcontactwithorg" class="com.crm.contactTest.createcontactTest"/>
      </group> <!-- RT -->
    </groups>
    <test started-at="2025-10-16T16:06:11 IST" name="Default test" finished-at="2025-10-16T16:06:37 IST" duration-ms="25958">
      <class name="com.crm.contactTest.createcontactTest">
        <test-method is-config="true" signature="configbs()[pri:0, instance:com.crm.contactTest.createcontactTest@7e07db1f]" started-at="2025-10-16T16:06:11 IST" name="configbs" finished-at="2025-10-16T16:06:11 IST" duration-ms="56" status="PASS">
          <reporter-output>
          </reporter-output>
        </test-method> <!-- configbs -->
        <test-method is-config="true" signature="configbc()[pri:0, instance:com.crm.contactTest.createcontactTest@7e07db1f]" started-at="2025-10-16T16:06:11 IST" name="configbc" finished-at="2025-10-16T16:06:13 IST" duration-ms="1842" status="PASS">
          <reporter-output>
          </reporter-output>
        </test-method> <!-- configbc -->
        <test-method is-config="true" signature="configbm()[pri:0, instance:com.crm.contactTest.createcontactTest@7e07db1f]" started-at="2025-10-16T16:06:13 IST" name="configbm" finished-at="2025-10-16T16:06:15 IST" duration-ms="2428" status="PASS">
          <reporter-output>
          </reporter-output>
        </test-method> <!-- configbm -->
        <test-method signature="createcontact()[pri:0, instance:com.crm.contactTest.createcontactTest@7e07db1f]" started-at="2025-10-16T16:06:15 IST" name="createcontact" finished-at="2025-10-16T16:06:15 IST" duration-ms="2" status="FAIL">
          <exception class="java.lang.NullPointerException">
            <message>
              <![CDATA[Cannot invoke "com.aventstack.extentreports.ExtentTest.log(com.aventstack.extentreports.Status, String)" because "com.comcast.crm.listenerutility.listenerimpclass.test" is null]]>
            </message>
            <full-stacktrace>
              <![CDATA[java.lang.NullPointerException: Cannot invoke "com.aventstack.extentreports.ExtentTest.log(com.aventstack.extentreports.Status, String)" because "com.comcast.crm.listenerutility.listenerimpclass.test" is null
at com.comcast.crm.listenerutility.listenerimpclass.onTestStart(listenerimpclass.java:67)
at org.testng.internal.TestListenerHelper.runTestListeners(TestListenerHelper.java:106)
at org.testng.internal.invokers.TestInvoker.runTestResultListener(TestInvoker.java:275)
at org.testng.internal.invokers.TestInvoker.invokeMethod(TestInvoker.java:622)
at org.testng.internal.invokers.TestInvoker.invokeTestMethod(TestInvoker.java:219)
at org.testng.internal.invokers.MethodRunner.runInSequence(MethodRunner.java:50)
at org.testng.internal.invokers.TestInvoker$MethodInvocationAgent.invoke(TestInvoker.java:923)
at org.testng.internal.invokers.TestInvoker.invokeTestMethods(TestInvoker.java:192)
at org.testng.internal.invokers.TestMethodWorker.invokeTestMethods(TestMethodWorker.java:146)
at org.testng.internal.invokers.TestMethodWorker.run(TestMethodWorker.java:128)
at java.base/java.util.ArrayList.forEach(ArrayList.java:1596)
at org.testng.TestRunner.privateRun(TestRunner.java:808)
at org.testng.TestRunner.run(TestRunner.java:603)
at org.testng.SuiteRunner.runTest(SuiteRunner.java:429)
at org.testng.SuiteRunner.runSequentially(SuiteRunner.java:423)
at org.testng.SuiteRunner.privateRun(SuiteRunner.java:383)
at org.testng.SuiteRunner.run(SuiteRunner.java:326)
at org.testng.SuiteRunnerWorker.runSuite(SuiteRunnerWorker.java:52)
at org.testng.SuiteRunnerWorker.run(SuiteRunnerWorker.java:95)
at org.testng.TestNG.runSuitesSequentially(TestNG.java:1249)
at org.testng.TestNG.runSuitesLocally(TestNG.java:1169)
at org.testng.TestNG.runSuites(TestNG.java:1092)
at org.testng.TestNG.run(TestNG.java:1060)
at org.testng.remote.AbstractRemoteTestNG.run(AbstractRemoteTestNG.java:115)
at org.testng.remote.RemoteTestNG.initAndRun(RemoteTestNG.java:293)
at org.testng.remote.RemoteTestNG.main(RemoteTestNG.java:91)
]]>
            </full-stacktrace>
          </exception> <!-- java.lang.NullPointerException -->
          <reporter-output>
          </reporter-output>
        </test-method> <!-- createcontact -->
        <test-method is-config="true" signature="configam()[pri:0, instance:com.crm.contactTest.createcontactTest@7e07db1f]" started-at="2025-10-16T16:06:15 IST" name="configam" finished-at="2025-10-16T16:06:17 IST" duration-ms="1671" status="PASS">
          <reporter-output>
          </reporter-output>
        </test-method> <!-- configam -->
        <test-method is-config="true" signature="configbm()[pri:0, instance:com.crm.contactTest.createcontactTest@7e07db1f]" started-at="2025-10-16T16:06:17 IST" name="configbm" finished-at="2025-10-16T16:06:18 IST" duration-ms="1453" status="PASS">
          <reporter-output>
          </reporter-output>
        </test-method> <!-- configbm -->
        <test-method signature="createcontactdate()[pri:0, instance:com.crm.contactTest.createcontactTest@7e07db1f]" started-at="2025-10-16T16:06:18 IST" name="createcontactdate" finished-at="2025-10-16T16:06:24 IST" duration-ms="5258" status="PASS">
          <reporter-output>
          </reporter-output>
        </test-method> <!-- createcontactdate -->
        <test-method is-config="true" signature="configam()[pri:0, instance:com.crm.contactTest.createcontactTest@7e07db1f]" started-at="2025-10-16T16:06:24 IST" name="configam" finished-at="2025-10-16T16:06:24 IST" duration-ms="766" status="PASS">
          <reporter-output>
          </reporter-output>
        </test-method> <!-- configam -->
        <test-method is-config="true" signature="configbm()[pri:0, instance:com.crm.contactTest.createcontactTest@7e07db1f]" started-at="2025-10-16T16:06:24 IST" name="configbm" finished-at="2025-10-16T16:06:26 IST" duration-ms="1360" status="PASS">
          <reporter-output>
          </reporter-output>
        </test-method> <!-- configbm -->
        <test-method signature="createcontactwithorg()[pri:0, instance:com.crm.contactTest.createcontactTest@7e07db1f]" started-at="2025-10-16T16:06:26 IST" name="createcontactwithorg" finished-at="2025-10-16T16:06:36 IST" duration-ms="9873" status="PASS">
          <reporter-output>
          </reporter-output>
        </test-method> <!-- createcontactwithorg -->
        <test-method is-config="true" signature="configam()[pri:0, instance:com.crm.contactTest.createcontactTest@7e07db1f]" started-at="2025-10-16T16:06:36 IST" name="configam" finished-at="2025-10-16T16:06:36 IST" duration-ms="789" status="PASS">
          <reporter-output>
          </reporter-output>
        </test-method> <!-- configam -->
        <test-method is-config="true" signature="configac()[pri:0, instance:com.crm.contactTest.createcontactTest@7e07db1f]" started-at="2025-10-16T16:06:36 IST" name="configac" finished-at="2025-10-16T16:06:37 IST" duration-ms="292" status="PASS">
          <reporter-output>
          </reporter-output>
        </test-method> <!-- configac -->
        <test-method is-config="true" signature="configas()[pri:0, instance:com.crm.contactTest.createcontactTest@7e07db1f]" started-at="2025-10-16T16:06:37 IST" name="configas" finished-at="2025-10-16T16:06:37 IST" duration-ms="0" status="PASS">
          <reporter-output>
          </reporter-output>
        </test-method> <!-- configas -->
      </class> <!-- com.crm.contactTest.createcontactTest -->
    </test> <!-- Default test -->
  </suite> <!-- Default suite -->
</testng-results>
